2022-07-25_09-45-26 [restartedMain] INFO  c.c.a.AuthorizatiionMicroserviceApplication - Starting AuthorizatiionMicroserviceApplication using Java 18 on DheerajK with PID 29640 (C:\Users\543dh\Downloads\ClaimsManagementMFPEJavaProject\Cognizant-MFPE-Project-main\Backend-Spring Boot\MFPE-authorizatiion\target\classes started by 543dh in C:\Users\543dh\Downloads\ClaimsManagementMFPEJavaProject\Cognizant-MFPE-Project-main\Backend-Spring Boot\MFPE-authorizatiion)
2022-07-25_09-45-26 [restartedMain] INFO  c.c.a.AuthorizatiionMicroserviceApplication - No active profile set, falling back to default profiles: default
2022-07-25_09-45-26 [restartedMain] INFO  o.s.b.d.e.DevToolsPropertyDefaultsPostProcessor - Devtools property defaults active! Set 'spring.devtools.add-properties' to 'false' to disable
2022-07-25_09-45-26 [restartedMain] INFO  o.s.b.d.e.DevToolsPropertyDefaultsPostProcessor - For additional web related logging consider setting the 'logging.level.web' property to 'DEBUG'
2022-07-25_09-45-26 [restartedMain] INFO  o.s.d.r.c.RepositoryConfigurationDelegate - Bootstrapping Spring Data JPA repositories in DEFAULT mode.
2022-07-25_09-45-26 [restartedMain] INFO  o.s.d.r.c.RepositoryConfigurationDelegate - Finished Spring Data repository scanning in 94 ms. Found 1 JPA repository interfaces.
2022-07-25_09-45-26 [restartedMain] INFO  o.s.cloud.context.scope.GenericScope - BeanFactory id=0d4b2b6f-863e-3f2e-923b-4703df7f33a6
2022-07-25_09-45-26 [restartedMain] INFO  o.s.b.w.e.tomcat.TomcatWebServer - Tomcat initialized with port(s): 8400 (http)
2022-07-25_09-45-26 [restartedMain] INFO  o.a.coyote.http11.Http11NioProtocol - Initializing ProtocolHandler ["http-nio-8400"]
2022-07-25_09-45-26 [restartedMain] INFO  o.a.catalina.core.StandardService - Starting service [Tomcat]
2022-07-25_09-45-26 [restartedMain] INFO  o.a.catalina.core.StandardEngine - Starting Servlet engine: [Apache Tomcat/9.0.41]
2022-07-25_09-45-26 [restartedMain] INFO  o.a.c.c.C.[.[localhost].[/auth] - Initializing Spring embedded WebApplicationContext
2022-07-25_09-45-26 [restartedMain] INFO  o.s.b.w.s.c.ServletWebServerApplicationContext - Root WebApplicationContext: initialization completed in 3291 ms
2022-07-25_09-45-26 [restartedMain] INFO  com.zaxxer.hikari.HikariDataSource - HikariPool-1 - Starting...
2022-07-25_09-45-26 [restartedMain] INFO  com.zaxxer.hikari.HikariDataSource - HikariPool-1 - Start completed.
2022-07-25_09-45-26 [restartedMain] INFO  o.s.b.a.h.H2ConsoleAutoConfiguration - H2 console available at '/db'. Database available at 'jdbc:h2:mem:testdb'
2022-07-25_09-45-26 [restartedMain] INFO  o.h.jpa.internal.util.LogHelper - HHH000204: Processing PersistenceUnitInfo [name: default]
2022-07-25_09-45-26 [restartedMain] INFO  org.hibernate.Version - HHH000412: Hibernate ORM core version 5.4.27.Final
2022-07-25_09-45-26 [restartedMain] INFO  o.h.annotations.common.Version - HCANN000001: Hibernate Commons Annotations {5.1.2.Final}
2022-07-25_09-45-26 [restartedMain] INFO  org.hibernate.dialect.Dialect - HHH000400: Using dialect: org.hibernate.dialect.H2Dialect
2022-07-25_09-45-26 [restartedMain] INFO  o.h.e.t.j.p.i.JtaPlatformInitiator - HHH000490: Using JtaPlatform implementation: [org.hibernate.engine.transaction.jta.platform.internal.NoJtaPlatform]
2022-07-25_09-45-26 [restartedMain] INFO  o.s.o.j.LocalContainerEntityManagerFactoryBean - Initialized JPA EntityManagerFactory for persistence unit 'default'
2022-07-25_09-45-26 [restartedMain] INFO  o.s.b.d.a.OptionalLiveReloadServer - LiveReload server is running on port 35729
2022-07-25_09-45-26 [restartedMain] INFO  s.d.s.w.PropertySourcedRequestMappingHandlerMapping - Mapped URL path [/v2/api-docs] onto method [springfox.documentation.swagger2.web.Swagger2Controller#getDocumentation(String, HttpServletRequest)]
2022-07-25_09-45-26 [restartedMain] INFO  o.s.s.web.DefaultSecurityFilterChain - Will secure any request with [org.springframework.security.web.context.request.async.WebAsyncManagerIntegrationFilter@73afc588, org.springframework.security.web.context.SecurityContextPersistenceFilter@94f1a93, org.springframework.security.web.header.HeaderWriterFilter@5f8ba93a, org.springframework.security.web.authentication.logout.LogoutFilter@4b32f4ae, com.cts.authorization.config.JwtRequestFilter@7f3be5a4, org.springframework.security.web.savedrequest.RequestCacheAwareFilter@6e742a84, org.springframework.security.web.servletapi.SecurityContextHolderAwareRequestFilter@6d571c23, org.springframework.security.web.authentication.AnonymousAuthenticationFilter@5893100c, org.springframework.security.web.session.SessionManagementFilter@661da830, org.springframework.security.web.access.ExceptionTranslationFilter@1129cfaf, org.springframework.security.web.access.intercept.FilterSecurityInterceptor@4d8b747a]
2022-07-25_09-45-26 [restartedMain] INFO  o.s.s.c.ThreadPoolTaskExecutor - Initializing ExecutorService 'applicationTaskExecutor'
2022-07-25_09-45-26 [restartedMain] INFO  o.a.coyote.http11.Http11NioProtocol - Starting ProtocolHandler ["http-nio-8400"]
2022-07-25_09-45-26 [restartedMain] INFO  o.s.b.w.e.tomcat.TomcatWebServer - Tomcat started on port(s): 8400 (http) with context path '/auth'
2022-07-25_09-45-26 [restartedMain] INFO  s.d.s.w.p.DocumentationPluginsBootstrapper - Context refreshed
2022-07-25_09-45-26 [restartedMain] INFO  s.d.s.w.p.DocumentationPluginsBootstrapper - Found 2 custom documentation plugin(s)
2022-07-25_09-45-26 [restartedMain] INFO  s.d.s.w.s.ApiListingReferenceScanner - Scanning for api listing references
2022-07-25_09-45-26 [restartedMain] INFO  s.d.s.w.s.ApiListingReferenceScanner - Scanning for api listing references
2022-07-25_09-45-26 [restartedMain] INFO  s.d.s.w.r.o.CachingOperationNameGenerator - Generating unique operation named: authorizeTheRequestUsingPOST_1
2022-07-25_09-45-26 [restartedMain] INFO  s.d.s.w.r.o.CachingOperationNameGenerator - Generating unique operation named: createAuthenticationTokenUsingPOST_1
2022-07-25_09-45-26 [restartedMain] INFO  s.d.s.w.r.o.CachingOperationNameGenerator - Generating unique operation named: healthCheckUsingGET_1
2022-07-25_09-45-26 [restartedMain] INFO  c.c.a.AuthorizatiionMicroserviceApplication - Started AuthorizatiionMicroserviceApplication in 9.392 seconds (JVM running for 10.689)
2022-07-25_09-51-42 [restartedMain] INFO  c.c.a.AuthorizatiionMicroserviceApplication - Starting AuthorizatiionMicroserviceApplication using Java 18 on DheerajK with PID 11884 (C:\Users\543dh\Downloads\ClaimsManagementMFPEJavaProject\Cognizant-MFPE-Project-main\Backend-Spring Boot\MFPE-authorizatiion\target\classes started by 543dh in C:\Users\543dh\Downloads\ClaimsManagementMFPEJavaProject\Cognizant-MFPE-Project-main\Backend-Spring Boot\MFPE-authorizatiion)
2022-07-25_09-51-42 [restartedMain] INFO  c.c.a.AuthorizatiionMicroserviceApplication - No active profile set, falling back to default profiles: default
2022-07-25_09-51-42 [restartedMain] INFO  o.s.b.d.e.DevToolsPropertyDefaultsPostProcessor - Devtools property defaults active! Set 'spring.devtools.add-properties' to 'false' to disable
2022-07-25_09-51-42 [restartedMain] INFO  o.s.b.d.e.DevToolsPropertyDefaultsPostProcessor - For additional web related logging consider setting the 'logging.level.web' property to 'DEBUG'
2022-07-25_09-51-42 [restartedMain] INFO  o.s.d.r.c.RepositoryConfigurationDelegate - Bootstrapping Spring Data JPA repositories in DEFAULT mode.
2022-07-25_09-51-42 [restartedMain] INFO  o.s.d.r.c.RepositoryConfigurationDelegate - Finished Spring Data repository scanning in 107 ms. Found 1 JPA repository interfaces.
2022-07-25_09-51-42 [restartedMain] INFO  o.s.cloud.context.scope.GenericScope - BeanFactory id=0d4b2b6f-863e-3f2e-923b-4703df7f33a6
2022-07-25_09-51-42 [restartedMain] INFO  o.s.b.w.e.tomcat.TomcatWebServer - Tomcat initialized with port(s): 8400 (http)
2022-07-25_09-51-42 [restartedMain] INFO  o.a.coyote.http11.Http11NioProtocol - Initializing ProtocolHandler ["http-nio-8400"]
2022-07-25_09-51-42 [restartedMain] INFO  o.a.catalina.core.StandardService - Starting service [Tomcat]
2022-07-25_09-51-42 [restartedMain] INFO  o.a.catalina.core.StandardEngine - Starting Servlet engine: [Apache Tomcat/9.0.41]
2022-07-25_09-51-42 [restartedMain] INFO  o.a.c.c.C.[.[localhost].[/auth] - Initializing Spring embedded WebApplicationContext
2022-07-25_09-51-42 [restartedMain] INFO  o.s.b.w.s.c.ServletWebServerApplicationContext - Root WebApplicationContext: initialization completed in 3499 ms
2022-07-25_09-51-42 [restartedMain] INFO  com.zaxxer.hikari.HikariDataSource - HikariPool-1 - Starting...
2022-07-25_09-51-42 [restartedMain] INFO  com.zaxxer.hikari.HikariDataSource - HikariPool-1 - Start completed.
2022-07-25_09-51-42 [restartedMain] INFO  o.s.b.a.h.H2ConsoleAutoConfiguration - H2 console available at '/db'. Database available at 'jdbc:h2:mem:testdb'
2022-07-25_09-51-42 [restartedMain] INFO  o.h.jpa.internal.util.LogHelper - HHH000204: Processing PersistenceUnitInfo [name: default]
2022-07-25_09-51-42 [restartedMain] INFO  org.hibernate.Version - HHH000412: Hibernate ORM core version 5.4.27.Final
2022-07-25_09-51-42 [restartedMain] INFO  o.h.annotations.common.Version - HCANN000001: Hibernate Commons Annotations {5.1.2.Final}
2022-07-25_09-51-42 [restartedMain] INFO  org.hibernate.dialect.Dialect - HHH000400: Using dialect: org.hibernate.dialect.H2Dialect
2022-07-25_09-51-42 [restartedMain] INFO  o.h.e.t.j.p.i.JtaPlatformInitiator - HHH000490: Using JtaPlatform implementation: [org.hibernate.engine.transaction.jta.platform.internal.NoJtaPlatform]
2022-07-25_09-51-42 [restartedMain] INFO  o.s.o.j.LocalContainerEntityManagerFactoryBean - Initialized JPA EntityManagerFactory for persistence unit 'default'
2022-07-25_09-51-42 [restartedMain] INFO  o.s.b.d.a.OptionalLiveReloadServer - LiveReload server is running on port 35729
2022-07-25_09-51-42 [restartedMain] INFO  s.d.s.w.PropertySourcedRequestMappingHandlerMapping - Mapped URL path [/v2/api-docs] onto method [springfox.documentation.swagger2.web.Swagger2Controller#getDocumentation(String, HttpServletRequest)]
2022-07-25_09-51-42 [restartedMain] INFO  o.s.s.web.DefaultSecurityFilterChain - Will secure any request with [org.springframework.security.web.context.request.async.WebAsyncManagerIntegrationFilter@3a3234ad, org.springframework.security.web.context.SecurityContextPersistenceFilter@3c0a115b, org.springframework.security.web.header.HeaderWriterFilter@4a279c77, org.springframework.security.web.authentication.logout.LogoutFilter@14c0da4, com.cts.authorization.config.JwtRequestFilter@24f03e1e, org.springframework.security.web.savedrequest.RequestCacheAwareFilter@5f514de7, org.springframework.security.web.servletapi.SecurityContextHolderAwareRequestFilter@3aeeadc9, org.springframework.security.web.authentication.AnonymousAuthenticationFilter@119d2ce6, org.springframework.security.web.session.SessionManagementFilter@3791dc88, org.springframework.security.web.access.ExceptionTranslationFilter@370c6120, org.springframework.security.web.access.intercept.FilterSecurityInterceptor@5d502236]
2022-07-25_09-51-42 [restartedMain] INFO  o.s.s.c.ThreadPoolTaskExecutor - Initializing ExecutorService 'applicationTaskExecutor'
2022-07-25_09-51-42 [restartedMain] INFO  o.a.coyote.http11.Http11NioProtocol - Starting ProtocolHandler ["http-nio-8400"]
2022-07-25_09-51-42 [restartedMain] INFO  o.s.b.w.e.tomcat.TomcatWebServer - Tomcat started on port(s): 8400 (http) with context path '/auth'
2022-07-25_09-51-42 [restartedMain] INFO  s.d.s.w.p.DocumentationPluginsBootstrapper - Context refreshed
2022-07-25_09-51-42 [restartedMain] INFO  s.d.s.w.p.DocumentationPluginsBootstrapper - Found 2 custom documentation plugin(s)
2022-07-25_09-51-42 [restartedMain] INFO  s.d.s.w.s.ApiListingReferenceScanner - Scanning for api listing references
2022-07-25_09-51-42 [restartedMain] INFO  s.d.s.w.s.ApiListingReferenceScanner - Scanning for api listing references
2022-07-25_09-51-42 [restartedMain] INFO  s.d.s.w.r.o.CachingOperationNameGenerator - Generating unique operation named: authorizeTheRequestUsingPOST_1
2022-07-25_09-51-42 [restartedMain] INFO  s.d.s.w.r.o.CachingOperationNameGenerator - Generating unique operation named: createAuthenticationTokenUsingPOST_1
2022-07-25_09-51-42 [restartedMain] INFO  s.d.s.w.r.o.CachingOperationNameGenerator - Generating unique operation named: healthCheckUsingGET_1
2022-07-25_09-51-42 [restartedMain] INFO  c.c.a.AuthorizatiionMicroserviceApplication - Started AuthorizatiionMicroserviceApplication in 11.373 seconds (JVM running for 12.455)
2022-07-25_09-51-42 [http-nio-8400-exec-1] INFO  o.a.c.c.C.[.[localhost].[/auth] - Initializing Spring DispatcherServlet 'dispatcherServlet'
2022-07-25_09-51-42 [http-nio-8400-exec-1] INFO  o.s.web.servlet.DispatcherServlet - Initializing Servlet 'dispatcherServlet'
2022-07-25_09-51-42 [http-nio-8400-exec-1] INFO  o.s.web.servlet.DispatcherServlet - Completed initialization in 100 ms
2022-07-25_09-51-42 [http-nio-8400-exec-1] INFO  c.c.a.service.JwtUserDetailsService - User found
2022-07-25_09-51-42 [http-nio-8400-exec-1] INFO  c.c.a.service.JwtUserDetailsService - user successfully located
2022-07-25_09-51-42 [http-nio-8400-exec-1] INFO  c.c.a.service.JwtUserDetailsService - User found
2022-07-25_09-51-42 [http-nio-8400-exec-1] INFO  c.c.a.service.JwtUserDetailsService - user successfully located
2022-07-25_09-51-42 [http-nio-8400-exec-4] INFO  c.c.a.service.JwtUserDetailsService - User found
2022-07-25_09-51-42 [http-nio-8400-exec-4] INFO  c.c.a.service.JwtUserDetailsService - user successfully located
2022-07-25_09-51-42 [http-nio-8400-exec-5] INFO  c.c.a.service.JwtUserDetailsService - User found
2022-07-25_09-51-42 [http-nio-8400-exec-5] INFO  c.c.a.service.JwtUserDetailsService - user successfully located
2022-07-25_09-51-42 [http-nio-8400-exec-6] INFO  c.c.a.service.JwtUserDetailsService - User found
2022-07-25_09-51-42 [http-nio-8400-exec-6] INFO  c.c.a.service.JwtUserDetailsService - user successfully located
2022-07-25_09-51-42 [http-nio-8400-exec-9] INFO  c.c.a.service.JwtUserDetailsService - User found
2022-07-25_09-51-42 [http-nio-8400-exec-9] INFO  c.c.a.service.JwtUserDetailsService - user successfully located
2022-07-25_09-51-42 [http-nio-8400-exec-9] INFO  c.c.a.service.JwtUserDetailsService - User found
2022-07-25_09-51-42 [http-nio-8400-exec-9] INFO  c.c.a.service.JwtUserDetailsService - user successfully located
2022-07-25_09-51-42 [http-nio-8400-exec-1] INFO  c.c.a.service.JwtUserDetailsService - User found
2022-07-25_09-51-42 [http-nio-8400-exec-1] INFO  c.c.a.service.JwtUserDetailsService - user successfully located
2022-07-25_09-51-42 [http-nio-8400-exec-1] INFO  c.c.a.service.JwtUserDetailsService - User found
2022-07-25_09-51-42 [http-nio-8400-exec-1] INFO  c.c.a.service.JwtUserDetailsService - user successfully located
2022-07-25_09-51-42 [http-nio-8400-exec-4] INFO  c.c.a.service.JwtUserDetailsService - User found
2022-07-25_09-51-42 [http-nio-8400-exec-4] INFO  c.c.a.service.JwtUserDetailsService - user successfully located
2022-07-25_09-51-42 [http-nio-8400-exec-4] INFO  c.c.a.service.JwtUserDetailsService - User found
2022-07-25_09-51-42 [http-nio-8400-exec-4] INFO  c.c.a.service.JwtUserDetailsService - user successfully located
2022-07-25_09-51-42 [http-nio-8400-exec-6] INFO  c.c.a.service.JwtUserDetailsService - User found
2022-07-25_09-51-42 [http-nio-8400-exec-6] INFO  c.c.a.service.JwtUserDetailsService - user successfully located
2022-07-25_09-51-42 [http-nio-8400-exec-6] INFO  c.c.a.service.JwtUserDetailsService - User found
2022-07-25_09-51-42 [http-nio-8400-exec-6] INFO  c.c.a.service.JwtUserDetailsService - user successfully located
2022-07-25_09-51-42 [http-nio-8400-exec-8] INFO  c.c.a.service.JwtUserDetailsService - User found
2022-07-25_09-51-42 [http-nio-8400-exec-8] INFO  c.c.a.service.JwtUserDetailsService - user successfully located
2022-07-25_09-51-42 [http-nio-8400-exec-8] INFO  c.c.a.service.JwtUserDetailsService - User found
2022-07-25_09-51-42 [http-nio-8400-exec-8] INFO  c.c.a.service.JwtUserDetailsService - user successfully located
2022-07-25_09-51-42 [http-nio-8400-exec-3] INFO  c.c.a.service.JwtUserDetailsService - User found
2022-07-25_09-51-42 [http-nio-8400-exec-3] INFO  c.c.a.service.JwtUserDetailsService - user successfully located
2022-07-25_09-51-42 [http-nio-8400-exec-3] INFO  c.c.a.service.JwtUserDetailsService - User found
2022-07-25_09-51-42 [http-nio-8400-exec-3] INFO  c.c.a.service.JwtUserDetailsService - user successfully located
2022-07-25_09-51-42 [http-nio-8400-exec-4] INFO  c.c.a.service.JwtUserDetailsService - User found
2022-07-25_09-51-42 [http-nio-8400-exec-4] INFO  c.c.a.service.JwtUserDetailsService - user successfully located
2022-07-25_09-51-42 [http-nio-8400-exec-2] INFO  c.c.a.service.JwtUserDetailsService - User found
2022-07-25_09-51-42 [http-nio-8400-exec-2] INFO  c.c.a.service.JwtUserDetailsService - user successfully located
2022-07-25_09-51-42 [http-nio-8400-exec-1] INFO  c.c.a.service.JwtUserDetailsService - User found
2022-07-25_09-51-42 [http-nio-8400-exec-1] INFO  c.c.a.service.JwtUserDetailsService - user successfully located
2022-07-25_09-51-42 [http-nio-8400-exec-4] INFO  c.c.a.service.JwtUserDetailsService - User found
2022-07-25_09-51-42 [http-nio-8400-exec-4] INFO  c.c.a.service.JwtUserDetailsService - user successfully located
2022-07-25_09-51-42 [http-nio-8400-exec-2] INFO  c.c.a.service.JwtUserDetailsService - User found
2022-07-25_09-51-42 [http-nio-8400-exec-2] INFO  c.c.a.service.JwtUserDetailsService - user successfully located
2022-07-25_09-51-42 [http-nio-8400-exec-1] INFO  c.c.a.service.JwtUserDetailsService - User found
2022-07-25_09-51-42 [http-nio-8400-exec-1] INFO  c.c.a.service.JwtUserDetailsService - user successfully located
2022-07-25_09-51-42 [http-nio-8400-exec-3] INFO  c.c.a.service.JwtUserDetailsService - User found
2022-07-25_09-51-42 [http-nio-8400-exec-3] INFO  c.c.a.service.JwtUserDetailsService - user successfully located
2022-07-25_09-51-42 [http-nio-8400-exec-5] INFO  c.c.a.service.JwtUserDetailsService - User found
2022-07-25_09-51-42 [http-nio-8400-exec-5] INFO  c.c.a.service.JwtUserDetailsService - user successfully located
2022-07-25_09-51-42 [http-nio-8400-exec-5] INFO  c.c.a.service.JwtUserDetailsService - User found
2022-07-25_09-51-42 [http-nio-8400-exec-5] INFO  c.c.a.service.JwtUserDetailsService - user successfully located
2022-07-25_09-51-42 [http-nio-8400-exec-7] INFO  c.c.a.service.JwtUserDetailsService - User found
2022-07-25_09-51-42 [http-nio-8400-exec-7] INFO  c.c.a.service.JwtUserDetailsService - user successfully located
2022-07-25_09-51-42 [http-nio-8400-exec-7] INFO  c.c.a.service.JwtUserDetailsService - User found
2022-07-25_09-51-42 [http-nio-8400-exec-7] INFO  c.c.a.service.JwtUserDetailsService - user successfully located
2022-07-25_09-51-42 [http-nio-8400-exec-9] INFO  c.c.a.service.JwtUserDetailsService - User found
2022-07-25_09-51-42 [http-nio-8400-exec-9] INFO  c.c.a.service.JwtUserDetailsService - user successfully located
2022-07-25_09-51-42 [http-nio-8400-exec-9] INFO  c.c.a.service.JwtUserDetailsService - User found
2022-07-25_09-51-42 [http-nio-8400-exec-9] INFO  c.c.a.service.JwtUserDetailsService - user successfully located
2022-07-25_09-51-42 [http-nio-8400-exec-1] INFO  c.c.a.service.JwtUserDetailsService - User found
2022-07-25_09-51-42 [http-nio-8400-exec-1] INFO  c.c.a.service.JwtUserDetailsService - user successfully located
2022-07-25_09-51-42 [http-nio-8400-exec-3] INFO  c.c.a.service.JwtUserDetailsService - User found
2022-07-25_09-51-42 [http-nio-8400-exec-3] INFO  c.c.a.service.JwtUserDetailsService - user successfully located
2022-07-25_09-51-42 [http-nio-8400-exec-4] INFO  c.c.a.service.JwtUserDetailsService - User found
2022-07-25_09-51-42 [http-nio-8400-exec-4] INFO  c.c.a.service.JwtUserDetailsService - user successfully located
2022-07-25_09-51-42 [http-nio-8400-exec-7] INFO  c.c.a.service.JwtUserDetailsService - User found
2022-07-25_09-51-42 [http-nio-8400-exec-7] INFO  c.c.a.service.JwtUserDetailsService - user successfully located
2022-07-25_09-51-42 [http-nio-8400-exec-7] INFO  c.c.a.service.JwtUserDetailsService - User found
2022-07-25_09-51-42 [http-nio-8400-exec-7] INFO  c.c.a.service.JwtUserDetailsService - user successfully located
2022-07-25_09-51-42 [http-nio-8400-exec-10] INFO  c.c.a.service.JwtUserDetailsService - User found
2022-07-25_09-51-42 [http-nio-8400-exec-10] INFO  c.c.a.service.JwtUserDetailsService - user successfully located
2022-07-25_09-51-42 [http-nio-8400-exec-9] INFO  c.c.a.service.JwtUserDetailsService - User found
2022-07-25_09-51-42 [http-nio-8400-exec-9] INFO  c.c.a.service.JwtUserDetailsService - user successfully located
2022-07-25_09-51-42 [http-nio-8400-exec-2] INFO  c.c.a.service.JwtUserDetailsService - User found
2022-07-25_09-51-42 [http-nio-8400-exec-2] INFO  c.c.a.service.JwtUserDetailsService - user successfully located
2022-07-25_09-51-42 [http-nio-8400-exec-1] INFO  c.c.a.service.JwtUserDetailsService - User found
2022-07-25_09-51-42 [http-nio-8400-exec-1] INFO  c.c.a.service.JwtUserDetailsService - user successfully located
2022-07-25_09-51-42 [http-nio-8400-exec-3] INFO  c.c.a.service.JwtUserDetailsService - User found
2022-07-25_09-51-42 [http-nio-8400-exec-3] INFO  c.c.a.service.JwtUserDetailsService - user successfully located
2022-07-25_09-51-42 [http-nio-8400-exec-4] INFO  c.c.a.service.JwtUserDetailsService - User found
2022-07-25_09-51-42 [http-nio-8400-exec-4] INFO  c.c.a.service.JwtUserDetailsService - user successfully located
2022-07-25_09-51-42 [http-nio-8400-exec-5] INFO  c.c.a.service.JwtUserDetailsService - User found
2022-07-25_09-51-42 [http-nio-8400-exec-5] INFO  c.c.a.service.JwtUserDetailsService - user successfully located
2022-07-25_09-51-42 [http-nio-8400-exec-6] INFO  c.c.a.service.JwtUserDetailsService - User found
2022-07-25_09-51-42 [http-nio-8400-exec-6] INFO  c.c.a.service.JwtUserDetailsService - user successfully located
2022-07-25_09-51-42 [http-nio-8400-exec-9] INFO  c.c.a.service.JwtUserDetailsService - User found
2022-07-25_09-51-42 [http-nio-8400-exec-9] INFO  c.c.a.service.JwtUserDetailsService - user successfully located
2022-07-25_09-51-42 [http-nio-8400-exec-9] INFO  c.c.a.service.JwtUserDetailsService - User found
2022-07-25_09-51-42 [http-nio-8400-exec-9] INFO  c.c.a.service.JwtUserDetailsService - user successfully located
2022-07-25_09-51-42 [http-nio-8400-exec-1] INFO  c.c.a.service.JwtUserDetailsService - User found
2022-07-25_09-51-42 [http-nio-8400-exec-1] INFO  c.c.a.service.JwtUserDetailsService - user successfully located
2022-07-25_09-51-42 [http-nio-8400-exec-1] INFO  c.c.a.service.JwtUserDetailsService - User found
2022-07-25_09-51-42 [http-nio-8400-exec-1] INFO  c.c.a.service.JwtUserDetailsService - user successfully located
2022-07-25_09-51-42 [http-nio-8400-exec-4] INFO  c.c.a.service.JwtUserDetailsService - User found
2022-07-25_09-51-42 [http-nio-8400-exec-4] INFO  c.c.a.service.JwtUserDetailsService - user successfully located
2022-07-25_09-51-42 [http-nio-8400-exec-4] INFO  c.c.a.service.JwtUserDetailsService - User found
2022-07-25_09-51-42 [http-nio-8400-exec-4] INFO  c.c.a.service.JwtUserDetailsService - user successfully located
2022-07-25_09-51-42 [http-nio-8400-exec-6] INFO  c.c.a.service.JwtUserDetailsService - User found
2022-07-25_09-51-42 [http-nio-8400-exec-6] INFO  c.c.a.service.JwtUserDetailsService - user successfully located
2022-07-25_09-51-42 [http-nio-8400-exec-8] INFO  c.c.a.service.JwtUserDetailsService - User found
2022-07-25_09-51-42 [http-nio-8400-exec-8] INFO  c.c.a.service.JwtUserDetailsService - user successfully located
2022-07-25_09-51-42 [http-nio-8400-exec-7] INFO  c.c.a.service.JwtUserDetailsService - User found
2022-07-25_09-51-42 [http-nio-8400-exec-7] INFO  c.c.a.service.JwtUserDetailsService - user successfully located
2022-07-25_09-51-42 [http-nio-8400-exec-10] INFO  c.c.a.service.JwtUserDetailsService - User found
2022-07-25_09-51-42 [http-nio-8400-exec-10] INFO  c.c.a.service.JwtUserDetailsService - user successfully located
2022-07-25_09-51-42 [http-nio-8400-exec-9] INFO  c.c.a.service.JwtUserDetailsService - User found
2022-07-25_09-51-42 [http-nio-8400-exec-9] INFO  c.c.a.service.JwtUserDetailsService - user successfully located
2022-07-25_09-51-42 [http-nio-8400-exec-3] INFO  c.c.a.service.JwtUserDetailsService - User found
2022-07-25_09-51-42 [http-nio-8400-exec-3] INFO  c.c.a.service.JwtUserDetailsService - user successfully located
2022-07-25_09-51-42 [http-nio-8400-exec-3] INFO  c.c.a.service.JwtUserDetailsService - User found
2022-07-25_09-51-42 [http-nio-8400-exec-3] INFO  c.c.a.service.JwtUserDetailsService - user successfully located
2022-07-25_09-51-42 [http-nio-8400-exec-2] INFO  c.c.a.service.JwtUserDetailsService - User found
2022-07-25_09-51-42 [http-nio-8400-exec-2] INFO  c.c.a.service.JwtUserDetailsService - user successfully located
2022-07-25_09-51-42 [http-nio-8400-exec-2] INFO  c.c.a.service.JwtUserDetailsService - User found
2022-07-25_09-51-42 [http-nio-8400-exec-2] INFO  c.c.a.service.JwtUserDetailsService - user successfully located
2022-07-25_09-51-42 [http-nio-8400-exec-1] INFO  c.c.a.service.JwtUserDetailsService - User found
2022-07-25_09-51-42 [http-nio-8400-exec-1] INFO  c.c.a.service.JwtUserDetailsService - user successfully located
2022-07-25_09-51-42 [http-nio-8400-exec-3] INFO  c.c.a.service.JwtUserDetailsService - User found
2022-07-25_09-51-42 [http-nio-8400-exec-3] INFO  c.c.a.service.JwtUserDetailsService - user successfully located
2022-07-25_09-51-42 [http-nio-8400-exec-4] INFO  c.c.a.service.JwtUserDetailsService - User found
2022-07-25_09-51-42 [http-nio-8400-exec-4] INFO  c.c.a.service.JwtUserDetailsService - user successfully located
2022-07-25_09-51-42 [http-nio-8400-exec-7] INFO  c.c.a.service.JwtUserDetailsService - User found
2022-07-25_09-51-42 [http-nio-8400-exec-7] INFO  c.c.a.service.JwtUserDetailsService - user successfully located
2022-07-25_09-51-42 [http-nio-8400-exec-7] INFO  c.c.a.service.JwtUserDetailsService - User found
2022-07-25_09-51-42 [http-nio-8400-exec-7] INFO  c.c.a.service.JwtUserDetailsService - user successfully located
2022-07-25_09-51-42 [http-nio-8400-exec-9] INFO  c.c.a.service.JwtUserDetailsService - User found
2022-07-25_09-51-42 [http-nio-8400-exec-9] INFO  c.c.a.service.JwtUserDetailsService - user successfully located
2022-07-25_09-51-42 [http-nio-8400-exec-9] INFO  c.c.a.service.JwtUserDetailsService - User found
2022-07-25_09-51-42 [http-nio-8400-exec-9] INFO  c.c.a.service.JwtUserDetailsService - user successfully located
2022-07-25_09-51-42 [http-nio-8400-exec-2] INFO  c.c.a.service.JwtUserDetailsService - User found
2022-07-25_09-51-42 [http-nio-8400-exec-2] INFO  c.c.a.service.JwtUserDetailsService - user successfully located
2022-07-25_09-51-42 [http-nio-8400-exec-4] INFO  c.c.a.service.JwtUserDetailsService - User found
2022-07-25_09-51-42 [http-nio-8400-exec-4] INFO  c.c.a.service.JwtUserDetailsService - user successfully located
2022-07-25_09-51-42 [http-nio-8400-exec-6] INFO  c.c.a.service.JwtUserDetailsService - User found
2022-07-25_09-51-42 [http-nio-8400-exec-6] INFO  c.c.a.service.JwtUserDetailsService - user successfully located
2022-07-25_09-51-42 [http-nio-8400-exec-6] INFO  c.c.a.service.JwtUserDetailsService - User found
2022-07-25_09-51-42 [http-nio-8400-exec-6] INFO  c.c.a.service.JwtUserDetailsService - user successfully located
2022-07-25_09-51-42 [http-nio-8400-exec-10] INFO  c.c.a.service.JwtUserDetailsService - User found
2022-07-25_09-51-42 [http-nio-8400-exec-10] INFO  c.c.a.service.JwtUserDetailsService - user successfully located
2022-07-25_09-51-42 [http-nio-8400-exec-10] INFO  c.c.a.service.JwtUserDetailsService - User found
2022-07-25_09-51-42 [http-nio-8400-exec-10] INFO  c.c.a.service.JwtUserDetailsService - user successfully located
2022-07-25_09-51-42 [http-nio-8400-exec-2] INFO  c.c.a.service.JwtUserDetailsService - User found
2022-07-25_09-51-42 [http-nio-8400-exec-2] INFO  c.c.a.service.JwtUserDetailsService - user successfully located
2022-07-25_09-51-42 [http-nio-8400-exec-2] INFO  c.c.a.service.JwtUserDetailsService - User found
2022-07-25_09-51-42 [http-nio-8400-exec-2] INFO  c.c.a.service.JwtUserDetailsService - user successfully located
2022-07-25_09-51-42 [http-nio-8400-exec-3] INFO  c.c.a.service.JwtUserDetailsService - User found
2022-07-25_09-51-42 [http-nio-8400-exec-3] INFO  c.c.a.service.JwtUserDetailsService - user successfully located
2022-07-25_09-51-42 [http-nio-8400-exec-3] INFO  c.c.a.service.JwtUserDetailsService - User found
2022-07-25_09-51-42 [http-nio-8400-exec-3] INFO  c.c.a.service.JwtUserDetailsService - user successfully located
2022-07-25_09-51-42 [http-nio-8400-exec-5] INFO  c.c.a.service.JwtUserDetailsService - User found
2022-07-25_09-51-42 [http-nio-8400-exec-5] INFO  c.c.a.service.JwtUserDetailsService - user successfully located
2022-07-25_09-51-42 [http-nio-8400-exec-6] INFO  c.c.a.service.JwtUserDetailsService - User found
2022-07-25_09-51-42 [http-nio-8400-exec-6] INFO  c.c.a.service.JwtUserDetailsService - user successfully located
2022-07-25_09-51-42 [http-nio-8400-exec-5] INFO  c.c.a.service.JwtUserDetailsService - User found
2022-07-25_09-51-42 [http-nio-8400-exec-5] INFO  c.c.a.service.JwtUserDetailsService - user successfully located
2022-07-25_09-51-42 [http-nio-8400-exec-5] INFO  c.c.a.service.JwtUserDetailsService - User found
2022-07-25_09-51-42 [http-nio-8400-exec-5] INFO  c.c.a.service.JwtUserDetailsService - user successfully located
2022-07-25_09-51-42 [http-nio-8400-exec-6] INFO  c.c.a.service.JwtUserDetailsService - User found
2022-07-25_09-51-42 [http-nio-8400-exec-6] INFO  c.c.a.service.JwtUserDetailsService - user successfully located
2022-07-25_09-51-42 [http-nio-8400-exec-8] INFO  c.c.a.service.JwtUserDetailsService - User found
2022-07-25_09-51-42 [http-nio-8400-exec-8] INFO  c.c.a.service.JwtUserDetailsService - user successfully located
2022-07-25_09-51-42 [http-nio-8400-exec-2] INFO  c.c.a.service.JwtUserDetailsService - User found
2022-07-25_09-51-42 [http-nio-8400-exec-2] INFO  c.c.a.service.JwtUserDetailsService - user successfully located
2022-07-25_09-51-42 [http-nio-8400-exec-2] INFO  c.c.a.service.JwtUserDetailsService - User found
2022-07-25_09-51-42 [http-nio-8400-exec-2] INFO  c.c.a.service.JwtUserDetailsService - user successfully located
2022-07-25_09-51-42 [http-nio-8400-exec-6] INFO  c.c.a.service.JwtUserDetailsService - User found
2022-07-25_09-51-42 [http-nio-8400-exec-6] INFO  c.c.a.service.JwtUserDetailsService - user successfully located
2022-07-25_09-51-42 [http-nio-8400-exec-6] INFO  c.c.a.service.JwtUserDetailsService - User found
2022-07-25_09-51-42 [http-nio-8400-exec-6] INFO  c.c.a.service.JwtUserDetailsService - user successfully located
2022-07-25_09-51-42 [http-nio-8400-exec-7] INFO  c.c.a.service.JwtUserDetailsService - User found
2022-07-25_09-51-42 [http-nio-8400-exec-7] INFO  c.c.a.service.JwtUserDetailsService - user successfully located
2022-07-25_09-51-42 [http-nio-8400-exec-10] INFO  c.c.a.service.JwtUserDetailsService - User found
2022-07-25_09-51-42 [http-nio-8400-exec-10] INFO  c.c.a.service.JwtUserDetailsService - user successfully located
2022-07-25_09-51-42 [http-nio-8400-exec-9] INFO  c.c.a.service.JwtUserDetailsService - User found
2022-07-25_09-51-42 [http-nio-8400-exec-9] INFO  c.c.a.service.JwtUserDetailsService - user successfully located
2022-07-25_09-51-42 [http-nio-8400-exec-5] INFO  c.c.a.service.JwtUserDetailsService - User found
2022-07-25_09-51-42 [http-nio-8400-exec-5] INFO  c.c.a.service.JwtUserDetailsService - user successfully located
2022-07-25_09-51-42 [http-nio-8400-exec-5] INFO  c.c.a.service.JwtUserDetailsService - User found
2022-07-25_09-51-42 [http-nio-8400-exec-5] INFO  c.c.a.service.JwtUserDetailsService - user successfully located
2022-07-25_09-51-42 [http-nio-8400-exec-7] INFO  c.c.a.service.JwtUserDetailsService - User found
2022-07-25_09-51-42 [http-nio-8400-exec-7] INFO  c.c.a.service.JwtUserDetailsService - user successfully located
2022-07-25_09-51-42 [http-nio-8400-exec-10] INFO  c.c.a.service.JwtUserDetailsService - User found
2022-07-25_09-51-42 [http-nio-8400-exec-10] INFO  c.c.a.service.JwtUserDetailsService - user successfully located
2022-07-25_09-51-42 [http-nio-8400-exec-9] INFO  c.c.a.service.JwtUserDetailsService - User found
2022-07-25_09-51-42 [http-nio-8400-exec-9] INFO  c.c.a.service.JwtUserDetailsService - user successfully located
2022-07-25_09-51-42 [http-nio-8400-exec-3] INFO  c.c.a.service.JwtUserDetailsService - User found
2022-07-25_09-51-42 [http-nio-8400-exec-3] INFO  c.c.a.service.JwtUserDetailsService - user successfully located
2022-07-25_14-57-34 [restartedMain] INFO  c.c.a.AuthorizatiionMicroserviceApplication - Starting AuthorizatiionMicroserviceApplication using Java 18 on DheerajK with PID 13100 (C:\Users\543dh\Downloads\ClaimsManagementMFPEJavaProject\Cognizant-MFPE-Project-main\Backend-Spring Boot\MFPE-authorizatiion\target\classes started by 543dh in C:\Users\543dh\Downloads\ClaimsManagementMFPEJavaProject\Cognizant-MFPE-Project-main\Backend-Spring Boot\MFPE-authorizatiion)
2022-07-25_14-57-34 [restartedMain] INFO  c.c.a.AuthorizatiionMicroserviceApplication - No active profile set, falling back to default profiles: default
2022-07-25_14-57-34 [restartedMain] INFO  o.s.b.d.e.DevToolsPropertyDefaultsPostProcessor - Devtools property defaults active! Set 'spring.devtools.add-properties' to 'false' to disable
2022-07-25_14-57-34 [restartedMain] INFO  o.s.b.d.e.DevToolsPropertyDefaultsPostProcessor - For additional web related logging consider setting the 'logging.level.web' property to 'DEBUG'
2022-07-25_14-57-34 [restartedMain] INFO  o.s.d.r.c.RepositoryConfigurationDelegate - Bootstrapping Spring Data JPA repositories in DEFAULT mode.
2022-07-25_14-57-34 [restartedMain] INFO  o.s.d.r.c.RepositoryConfigurationDelegate - Finished Spring Data repository scanning in 385 ms. Found 1 JPA repository interfaces.
2022-07-25_14-57-34 [restartedMain] INFO  o.s.cloud.context.scope.GenericScope - BeanFactory id=0d4b2b6f-863e-3f2e-923b-4703df7f33a6
2022-07-25_14-57-34 [restartedMain] INFO  o.s.b.w.e.tomcat.TomcatWebServer - Tomcat initialized with port(s): 8400 (http)
2022-07-25_14-57-34 [restartedMain] INFO  o.a.coyote.http11.Http11NioProtocol - Initializing ProtocolHandler ["http-nio-8400"]
2022-07-25_14-57-34 [restartedMain] INFO  o.a.catalina.core.StandardService - Starting service [Tomcat]
2022-07-25_14-57-34 [restartedMain] INFO  o.a.catalina.core.StandardEngine - Starting Servlet engine: [Apache Tomcat/9.0.41]
2022-07-25_14-57-34 [restartedMain] INFO  o.a.c.c.C.[.[localhost].[/auth] - Initializing Spring embedded WebApplicationContext
2022-07-25_14-57-34 [restartedMain] INFO  o.s.b.w.s.c.ServletWebServerApplicationContext - Root WebApplicationContext: initialization completed in 17926 ms
2022-07-25_14-57-34 [restartedMain] INFO  com.zaxxer.hikari.HikariDataSource - HikariPool-1 - Starting...
2022-07-25_14-57-34 [restartedMain] INFO  com.zaxxer.hikari.HikariDataSource - HikariPool-1 - Start completed.
2022-07-25_14-57-34 [restartedMain] INFO  o.s.b.a.h.H2ConsoleAutoConfiguration - H2 console available at '/db'. Database available at 'jdbc:h2:mem:testdb'
2022-07-25_14-57-34 [restartedMain] INFO  o.h.jpa.internal.util.LogHelper - HHH000204: Processing PersistenceUnitInfo [name: default]
2022-07-25_14-57-34 [restartedMain] INFO  org.hibernate.Version - HHH000412: Hibernate ORM core version 5.4.27.Final
2022-07-25_14-57-34 [restartedMain] INFO  o.h.annotations.common.Version - HCANN000001: Hibernate Commons Annotations {5.1.2.Final}
2022-07-25_14-57-34 [restartedMain] INFO  org.hibernate.dialect.Dialect - HHH000400: Using dialect: org.hibernate.dialect.H2Dialect
2022-07-25_14-57-34 [restartedMain] INFO  o.h.e.t.j.p.i.JtaPlatformInitiator - HHH000490: Using JtaPlatform implementation: [org.hibernate.engine.transaction.jta.platform.internal.NoJtaPlatform]
2022-07-25_14-57-34 [restartedMain] INFO  o.s.o.j.LocalContainerEntityManagerFactoryBean - Initialized JPA EntityManagerFactory for persistence unit 'default'
2022-07-25_14-57-34 [restartedMain] INFO  o.s.b.d.a.OptionalLiveReloadServer - LiveReload server is running on port 35729
2022-07-25_14-57-34 [restartedMain] INFO  s.d.s.w.PropertySourcedRequestMappingHandlerMapping - Mapped URL path [/v2/api-docs] onto method [springfox.documentation.swagger2.web.Swagger2Controller#getDocumentation(String, HttpServletRequest)]
2022-07-25_14-57-34 [restartedMain] INFO  o.s.s.web.DefaultSecurityFilterChain - Will secure any request with [org.springframework.security.web.context.request.async.WebAsyncManagerIntegrationFilter@1a580d45, org.springframework.security.web.context.SecurityContextPersistenceFilter@47ec8cfd, org.springframework.security.web.header.HeaderWriterFilter@1971a2b7, org.springframework.security.web.authentication.logout.LogoutFilter@3ae8cda3, com.cts.authorization.config.JwtRequestFilter@3e12018e, org.springframework.security.web.savedrequest.RequestCacheAwareFilter@747b86bf, org.springframework.security.web.servletapi.SecurityContextHolderAwareRequestFilter@136355d2, org.springframework.security.web.authentication.AnonymousAuthenticationFilter@79573bf8, org.springframework.security.web.session.SessionManagementFilter@13d6cb2d, org.springframework.security.web.access.ExceptionTranslationFilter@5c5a237b, org.springframework.security.web.access.intercept.FilterSecurityInterceptor@27bc24e2]
2022-07-25_14-57-34 [restartedMain] INFO  o.s.s.c.ThreadPoolTaskExecutor - Initializing ExecutorService 'applicationTaskExecutor'
2022-07-25_14-57-34 [restartedMain] INFO  o.a.coyote.http11.Http11NioProtocol - Starting ProtocolHandler ["http-nio-8400"]
2022-07-25_14-57-34 [restartedMain] INFO  o.s.b.w.e.tomcat.TomcatWebServer - Tomcat started on port(s): 8400 (http) with context path '/auth'
2022-07-25_14-57-34 [restartedMain] INFO  s.d.s.w.p.DocumentationPluginsBootstrapper - Context refreshed
2022-07-25_14-57-34 [restartedMain] INFO  s.d.s.w.p.DocumentationPluginsBootstrapper - Found 2 custom documentation plugin(s)
2022-07-25_14-57-34 [restartedMain] INFO  s.d.s.w.s.ApiListingReferenceScanner - Scanning for api listing references
2022-07-25_14-57-34 [restartedMain] INFO  s.d.s.w.s.ApiListingReferenceScanner - Scanning for api listing references
2022-07-25_14-57-34 [restartedMain] INFO  s.d.s.w.r.o.CachingOperationNameGenerator - Generating unique operation named: authorizeTheRequestUsingPOST_1
2022-07-25_14-57-34 [restartedMain] INFO  s.d.s.w.r.o.CachingOperationNameGenerator - Generating unique operation named: createAuthenticationTokenUsingPOST_1
2022-07-25_14-57-34 [restartedMain] INFO  s.d.s.w.r.o.CachingOperationNameGenerator - Generating unique operation named: healthCheckUsingGET_1
2022-07-25_14-57-34 [restartedMain] INFO  c.c.a.AuthorizatiionMicroserviceApplication - Started AuthorizatiionMicroserviceApplication in 91.435 seconds (JVM running for 95.36)
2022-07-25_14-57-34 [http-nio-8400-exec-1] INFO  o.a.c.c.C.[.[localhost].[/auth] - Initializing Spring DispatcherServlet 'dispatcherServlet'
2022-07-25_14-57-34 [http-nio-8400-exec-1] INFO  o.s.web.servlet.DispatcherServlet - Initializing Servlet 'dispatcherServlet'
2022-07-25_14-57-34 [http-nio-8400-exec-1] INFO  o.s.web.servlet.DispatcherServlet - Completed initialization in 82 ms
2022-07-25_14-57-34 [http-nio-8400-exec-1] INFO  c.c.a.service.JwtUserDetailsService - User found
2022-07-25_14-57-34 [http-nio-8400-exec-1] INFO  c.c.a.service.JwtUserDetailsService - user successfully located
2022-07-25_14-57-34 [http-nio-8400-exec-1] INFO  c.c.a.service.JwtUserDetailsService - User found
2022-07-25_14-57-34 [http-nio-8400-exec-1] INFO  c.c.a.service.JwtUserDetailsService - user successfully located
